# JRE version: OpenJDK Runtime Environment (8.0_202) (build 1.8.0_202-release-1483-b49-5587405)
# Java VM: OpenJDK 64-Bit Server VM (25.202-b49-5587405 mixed mode linux-amd64 compressed oops)
Heap:
 PSYoungGen      total 125440K, used 11257K [0x00000000e0000000, 0x00000000e8f00000, 0x0000000100000000)
  eden space 114176K, 0% used [0x00000000e0000000,0x00000000e0000000,0x00000000e6f80000)
  from space 11264K, 99% used [0x00000000e7900000,0x00000000e83fe480,0x00000000e8400000)
  to   space 7680K, 0% used [0x00000000e8780000,0x00000000e8780000,0x00000000e8f00000)
 ParOldGen       total 54272K, used 12666K [0x00000000a0000000, 0x00000000a3500000, 0x00000000e0000000)
  object space 54272K, 23% used [0x00000000a0000000,0x00000000a0c5e850,0x00000000a3500000)
 Metaspace       used 33971K, capacity 34572K, committed 34816K, reserved 1079296K
  class space    used 4692K, capacity 4855K, committed 4864K, reserved 1048576K
GC Heap History (10 events):
Event: 2.656 GC heap after
Heap after GC invocations=3 (full 0):
 PSYoungGen      total 36864K, used 5089K [0x00000000e0000000, 0x00000000e4800000, 0x0000000100000000)
  eden space 31744K, 0% used [0x00000000e0000000,0x00000000e0000000,0x00000000e1f00000)
  from space 5120K, 99% used [0x00000000e1f00000,0x00000000e23f8410,0x00000000e2400000)
  to   space 5120K, 0% used [0x00000000e4300000,0x00000000e4300000,0x00000000e4800000)
 ParOldGen       total 84992K, used 1649K [0x00000000a0000000, 0x00000000a5300000, 0x00000000e0000000)
  object space 84992K, 1% used [0x00000000a0000000,0x00000000a019c488,0x00000000a5300000)
 Metaspace       used 13005K, capacity 13378K, committed 13568K, reserved 1060864K
  class space    used 1806K, capacity 1955K, committed 2048K, reserved 1048576K
}
Event: 3.356 GC heap before
{Heap before GC invocations=4 (full 0):
 PSYoungGen      total 36864K, used 36833K [0x00000000e0000000, 0x00000000e4800000, 0x0000000100000000)
  eden space 31744K, 100% used [0x00000000e0000000,0x00000000e1f00000,0x00000000e1f00000)
  from space 5120K, 99% used [0x00000000e1f00000,0x00000000e23f8410,0x00000000e2400000)
  to   space 5120K, 0% used [0x00000000e4300000,0x00000000e4300000,0x00000000e4800000)
 ParOldGen       total 84992K, used 1649K [0x00000000a0000000, 0x00000000a5300000, 0x00000000e0000000)
  object space 84992K, 1% used [0x00000000a0000000,0x00000000a019c488,0x00000000a5300000)
 Metaspace       used 15840K, capacity 16274K, committed 16512K, reserved 1062912K
  class space    used 2265K, capacity 2413K, committed 2432K, reserved 1048576K
Event: 3.415 GC heap after
Heap after GC invocations=4 (full 0):
 PSYoungGen      total 68608K, used 5088K [0x00000000e0000000, 0x00000000e4800000, 0x0000000100000000)
  eden space 63488K, 0% used [0x00000000e0000000,0x00000000e0000000,0x00000000e3e00000)
  from space 5120K, 99% used [0x00000000e4300000,0x00000000e47f8030,0x00000000e4800000)
  to   space 5120K, 0% used [0x00000000e3e00000,0x00000000e3e00000,0x00000000e4300000)
 ParOldGen       total 84992K, used 4553K [0x00000000a0000000, 0x00000000a5300000, 0x00000000e0000000)
  object space 84992K, 5% used [0x00000000a0000000,0x00000000a04727e8,0x00000000a5300000)
 Metaspace       used 15840K, capacity 16274K, committed 16512K, reserved 1062912K
  class space    used 2265K, capacity 2413K, committed 2432K, reserved 1048576K
}
Event: 4.170 GC heap before
{Heap before GC invocations=5 (full 0):
 PSYoungGen      total 68608K, used 49729K [0x00000000e0000000, 0x00000000e4800000, 0x0000000100000000)
  eden space 63488K, 70% used [0x00000000e0000000,0x00000000e2b986d8,0x00000000e3e00000)
  from space 5120K, 99% used [0x00000000e4300000,0x00000000e47f8030,0x00000000e4800000)
  to   space 5120K, 0% used [0x00000000e3e00000,0x00000000e3e00000,0x00000000e4300000)
 ParOldGen       total 84992K, used 4553K [0x00000000a0000000, 0x00000000a5300000, 0x00000000e0000000)
  object space 84992K, 5% used [0x00000000a0000000,0x00000000a04727e8,0x00000000a5300000)
 Metaspace       used 20692K, capacity 21016K, committed 21248K, reserved 1067008K
  class space    used 2903K, capacity 3028K, committed 3072K, reserved 1048576K
Event: 4.181 GC heap after
Heap after GC invocations=5 (full 0):
 PSYoungGen      total 68608K, used 5108K [0x00000000e0000000, 0x00000000e9300000, 0x0000000100000000)
  eden space 63488K, 0% used [0x00000000e0000000,0x00000000e0000000,0x00000000e3e00000)
  from space 5120K, 99% used [0x00000000e3e00000,0x00000000e42fd070,0x00000000e4300000)
  to   space 11776K, 0% used [0x00000000e8780000,0x00000000e8780000,0x00000000e9300000)
 ParOldGen       total 84992K, used 9840K [0x00000000a0000000, 0x00000000a5300000, 0x00000000e0000000)
  object space 84992K, 11% used [0x00000000a0000000,0x00000000a099c1f8,0x00000000a5300000)
 Metaspace       used 20692K, capacity 21016K, committed 21248K, reserved 1067008K
  class space    used 2903K, capacity 3028K, committed 3072K, reserved 1048576K
}
Event: 4.181 GC heap before
{Heap before GC invocations=6 (full 1):
 PSYoungGen      total 68608K, used 5108K [0x00000000e0000000, 0x00000000e9300000, 0x0000000100000000)
  eden space 63488K, 0% used [0x00000000e0000000,0x00000000e0000000,0x00000000e3e00000)
  from space 5120K, 99% used [0x00000000e3e00000,0x00000000e42fd070,0x00000000e4300000)
  to   space 11776K, 0% used [0x00000000e8780000,0x00000000e8780000,0x00000000e9300000)
 ParOldGen       total 84992K, used 9840K [0x00000000a0000000, 0x00000000a5300000, 0x00000000e0000000)
  object space 84992K, 11% used [0x00000000a0000000,0x00000000a099c1f8,0x00000000a5300000)
 Metaspace       used 20692K, capacity 21016K, committed 21248K, reserved 1067008K
  class space    used 2903K, capacity 3028K, committed 3072K, reserved 1048576K
Event: 4.217 GC heap after
Heap after GC invocations=6 (full 1):
 PSYoungGen      total 68608K, used 0K [0x00000000e0000000, 0x00000000e9300000, 0x0000000100000000)
  eden space 63488K, 0% used [0x00000000e0000000,0x00000000e0000000,0x00000000e3e00000)
  from space 5120K, 0% used [0x00000000e3e00000,0x00000000e3e00000,0x00000000e4300000)
  to   space 11776K, 0% used [0x00000000e8780000,0x00000000e8780000,0x00000000e9300000)
 ParOldGen       total 54272K, used 10397K [0x00000000a0000000, 0x00000000a3500000, 0x00000000e0000000)
  object space 54272K, 19% used [0x00000000a0000000,0x00000000a0a274a0,0x00000000a3500000)
 Metaspace       used 20692K, capacity 21016K, committed 21248K, reserved 1067008K
  class space    used 2903K, capacity 3028K, committed 3072K, reserved 1048576K
}
Event: 5.571 GC heap before
{Heap before GC invocations=7 (full 1):
 PSYoungGen      total 68608K, used 63488K [0x00000000e0000000, 0x00000000e9300000, 0x0000000100000000)
  eden space 63488K, 100% used [0x00000000e0000000,0x00000000e3e00000,0x00000000e3e00000)
  from space 5120K, 0% used [0x00000000e3e00000,0x00000000e3e00000,0x00000000e4300000)
  to   space 11776K, 0% used [0x00000000e8780000,0x00000000e8780000,0x00000000e9300000)
 ParOldGen       total 54272K, used 10397K [0x00000000a0000000, 0x00000000a3500000, 0x00000000e0000000)
  object space 54272K, 19% used [0x00000000a0000000,0x00000000a0a274a0,0x00000000a3500000)
 Metaspace       used 28277K, capacity 28702K, committed 29184K, reserved 1075200K
  class space    used 3824K, capacity 3978K, committed 4096K, reserved 1048576K
Event: 5.594 GC heap after
Heap after GC invocations=7 (full 1):
 PSYoungGen      total 121856K, used 7433K [0x00000000e0000000, 0x00000000e8f00000, 0x0000000100000000)
  eden space 114176K, 0% used [0x00000000e0000000,0x00000000e0000000,0x00000000e6f80000)
  from space 7680K, 96% used [0x00000000e8780000,0x00000000e8ec26b8,0x00000000e8f00000)
  to   space 11264K, 0% used [0x00000000e7900000,0x00000000e7900000,0x00000000e8400000)
 ParOldGen       total 54272K, used 10405K [0x00000000a0000000, 0x00000000a3500000, 0x00000000e0000000)
  object space 54272K, 19% used [0x00000000a0000000,0x00000000a0a294a0,0x00000000a3500000)
 Metaspace       used 28277K, capacity 28702K, committed 29184K, reserved 1075200K
  class space    used 3824K, capacity 3978K, committed 4096K, reserved 1048576K
}
Event: 9.194 GC heap before
{Heap before GC invocations=8 (full 1):
 PSYoungGen      total 121856K, used 121609K [0x00000000e0000000, 0x00000000e8f00000, 0x0000000100000000)
  eden space 114176K, 100% used [0x00000000e0000000,0x00000000e6f80000,0x00000000e6f80000)
  from space 7680K, 96% used [0x00000000e8780000,0x00000000e8ec26b8,0x00000000e8f00000)
  to   space 11264K, 0% used [0x00000000e7900000,0x00000000e7900000,0x00000000e8400000)
 ParOldGen       total 54272K, used 10405K [0x00000000a0000000, 0x00000000a3500000, 0x00000000e0000000)
  object space 54272K, 19% used [0x00000000a0000000,0x00000000a0a294a0,0x00000000a3500000)
 Metaspace       used 33971K, capacity 34572K, committed 34816K, reserved 1079296K
  class space    used 4692K, capacity 4855K, committed 4864K, reserved 1048576K

